2019-12-25 16:31:52,756 INFO 54685 [egg-schedule]: register schedule /Users/umi/git/myblog/vue-blog-api/node_modules/egg-multipart/app/schedule/clean_tmpdir.js
2019-12-25 16:31:52,756 INFO 54685 [egg-schedule]: register schedule /Users/umi/git/myblog/vue-blog-api/node_modules/egg-logrotator/app/schedule/clean_log.js
2019-12-25 16:31:52,756 INFO 54685 [egg-schedule]: register schedule /Users/umi/git/myblog/vue-blog-api/node_modules/egg-logrotator/app/schedule/rotate_by_file.js
2019-12-25 16:33:02,388 INFO 54816 [egg-schedule]: register schedule /Users/umi/git/myblog/vue-blog-api/node_modules/egg-multipart/app/schedule/clean_tmpdir.js
2019-12-25 16:33:02,388 INFO 54816 [egg-schedule]: register schedule /Users/umi/git/myblog/vue-blog-api/node_modules/egg-logrotator/app/schedule/clean_log.js
2019-12-25 16:33:02,388 INFO 54816 [egg-schedule]: register schedule /Users/umi/git/myblog/vue-blog-api/node_modules/egg-logrotator/app/schedule/rotate_by_file.js
2019-12-26 10:10:51,621 INFO 65027 [egg-schedule]: register schedule /Users/umi/git/myblog/vue-blog-api/node_modules/egg-multipart/app/schedule/clean_tmpdir.js
2019-12-26 10:10:51,621 INFO 65027 [egg-schedule]: register schedule /Users/umi/git/myblog/vue-blog-api/node_modules/egg-logrotator/app/schedule/clean_log.js
2019-12-26 10:10:51,621 INFO 65027 [egg-schedule]: register schedule /Users/umi/git/myblog/vue-blog-api/node_modules/egg-logrotator/app/schedule/rotate_by_file.js
2019-12-26 10:12:34,813 INFO 65213 [egg-schedule]: register schedule /Users/umi/git/myblog/vue-blog-api/node_modules/egg-multipart/app/schedule/clean_tmpdir.js
2019-12-26 10:12:34,814 INFO 65213 [egg-schedule]: register schedule /Users/umi/git/myblog/vue-blog-api/node_modules/egg-logrotator/app/schedule/clean_log.js
2019-12-26 10:12:34,814 INFO 65213 [egg-schedule]: register schedule /Users/umi/git/myblog/vue-blog-api/node_modules/egg-logrotator/app/schedule/rotate_by_file.js
2019-12-26 10:12:43,825 INFO 65239 [egg-schedule]: register schedule /Users/umi/git/myblog/vue-blog-api/node_modules/egg-multipart/app/schedule/clean_tmpdir.js
2019-12-26 10:12:43,825 INFO 65239 [egg-schedule]: register schedule /Users/umi/git/myblog/vue-blog-api/node_modules/egg-logrotator/app/schedule/clean_log.js
2019-12-26 10:12:43,825 INFO 65239 [egg-schedule]: register schedule /Users/umi/git/myblog/vue-blog-api/node_modules/egg-logrotator/app/schedule/rotate_by_file.js
2019-12-26 10:17:33,762 INFO 65705 [egg-schedule]: register schedule /Users/umi/git/myblog/vue-blog-api/node_modules/egg-multipart/app/schedule/clean_tmpdir.js
2019-12-26 10:17:33,762 INFO 65705 [egg-schedule]: register schedule /Users/umi/git/myblog/vue-blog-api/node_modules/egg-logrotator/app/schedule/clean_log.js
2019-12-26 10:17:33,762 INFO 65705 [egg-schedule]: register schedule /Users/umi/git/myblog/vue-blog-api/node_modules/egg-logrotator/app/schedule/rotate_by_file.js
2019-12-26 10:19:30,760 INFO 66138 [egg-schedule]: register schedule /Users/umi/git/myblog/vue-blog-api/node_modules/egg-multipart/app/schedule/clean_tmpdir.js
2019-12-26 10:19:30,760 INFO 66138 [egg-schedule]: register schedule /Users/umi/git/myblog/vue-blog-api/node_modules/egg-logrotator/app/schedule/clean_log.js
2019-12-26 10:19:30,760 INFO 66138 [egg-schedule]: register schedule /Users/umi/git/myblog/vue-blog-api/node_modules/egg-logrotator/app/schedule/rotate_by_file.js
2019-12-26 10:27:21,276 INFO 66927 [egg-schedule]: register schedule /Users/umi/git/myblog/vue-blog-api/node_modules/egg-multipart/app/schedule/clean_tmpdir.js
2019-12-26 10:27:21,276 INFO 66927 [egg-schedule]: register schedule /Users/umi/git/myblog/vue-blog-api/node_modules/egg-logrotator/app/schedule/clean_log.js
2019-12-26 10:27:21,276 INFO 66927 [egg-schedule]: register schedule /Users/umi/git/myblog/vue-blog-api/node_modules/egg-logrotator/app/schedule/rotate_by_file.js
2019-12-26 10:32:08,788 INFO 67411 [egg-schedule]: register schedule /Users/umi/git/myblog/vue-blog-api/node_modules/egg-multipart/app/schedule/clean_tmpdir.js
2019-12-26 10:32:08,788 INFO 67411 [egg-schedule]: register schedule /Users/umi/git/myblog/vue-blog-api/node_modules/egg-logrotator/app/schedule/clean_log.js
2019-12-26 10:32:08,788 INFO 67411 [egg-schedule]: register schedule /Users/umi/git/myblog/vue-blog-api/node_modules/egg-logrotator/app/schedule/rotate_by_file.js
2019-12-26 10:32:26,840 INFO 67468 [Timer] /Users/umi/git/myblog/vue-blog-api/node_modules/egg-multipart/app/schedule/clean_tmpdir.js next time will execute after 64653166ms at 2019-12-27 04:30:00.006
2019-12-26 10:32:26,841 INFO 67468 [Timer] /Users/umi/git/myblog/vue-blog-api/node_modules/egg-logrotator/app/schedule/clean_log.js next time will execute after 48453159ms at 2019-12-27 00:00:00.000
2019-12-26 10:32:26,841 INFO 67468 [Timer] /Users/umi/git/myblog/vue-blog-api/node_modules/egg-logrotator/app/schedule/rotate_by_file.js next time will execute after 48454159ms at 2019-12-27 00:00:01.000
2019-12-26 10:32:26,738 INFO 67473 [egg-schedule]: register schedule /Users/umi/git/myblog/vue-blog-api/node_modules/egg-multipart/app/schedule/clean_tmpdir.js
2019-12-26 10:32:26,738 INFO 67473 [egg-schedule]: register schedule /Users/umi/git/myblog/vue-blog-api/node_modules/egg-logrotator/app/schedule/clean_log.js
2019-12-26 10:32:26,738 INFO 67473 [egg-schedule]: register schedule /Users/umi/git/myblog/vue-blog-api/node_modules/egg-logrotator/app/schedule/rotate_by_file.js
2019-12-26 10:32:50,147 INFO 67519 [egg-schedule]: register schedule /Users/umi/git/myblog/vue-blog-api/node_modules/egg-multipart/app/schedule/clean_tmpdir.js
2019-12-26 10:32:50,147 INFO 67519 [egg-schedule]: register schedule /Users/umi/git/myblog/vue-blog-api/node_modules/egg-logrotator/app/schedule/clean_log.js
2019-12-26 10:32:50,147 INFO 67519 [egg-schedule]: register schedule /Users/umi/git/myblog/vue-blog-api/node_modules/egg-logrotator/app/schedule/rotate_by_file.js
2019-12-26 10:56:00,657 INFO 69702 [egg-schedule]: register schedule /Users/umi/git/myblog/vue-blog-api/node_modules/egg-multipart/app/schedule/clean_tmpdir.js
2019-12-26 10:56:00,657 INFO 69702 [egg-schedule]: register schedule /Users/umi/git/myblog/vue-blog-api/node_modules/egg-logrotator/app/schedule/clean_log.js
2019-12-26 10:56:00,657 INFO 69702 [egg-schedule]: register schedule /Users/umi/git/myblog/vue-blog-api/node_modules/egg-logrotator/app/schedule/rotate_by_file.js
2019-12-26 10:57:46,315 INFO 69882 [egg-schedule]: register schedule /Users/umi/git/myblog/vue-blog-api/node_modules/egg-multipart/app/schedule/clean_tmpdir.js
2019-12-26 10:57:46,315 INFO 69882 [egg-schedule]: register schedule /Users/umi/git/myblog/vue-blog-api/node_modules/egg-logrotator/app/schedule/clean_log.js
2019-12-26 10:57:46,315 INFO 69882 [egg-schedule]: register schedule /Users/umi/git/myblog/vue-blog-api/node_modules/egg-logrotator/app/schedule/rotate_by_file.js
2019-12-26 10:59:10,890 INFO 70035 [egg-schedule]: register schedule /Users/umi/git/myblog/vue-blog-api/node_modules/egg-multipart/app/schedule/clean_tmpdir.js
2019-12-26 10:59:10,890 INFO 70035 [egg-schedule]: register schedule /Users/umi/git/myblog/vue-blog-api/node_modules/egg-logrotator/app/schedule/clean_log.js
2019-12-26 10:59:10,891 INFO 70035 [egg-schedule]: register schedule /Users/umi/git/myblog/vue-blog-api/node_modules/egg-logrotator/app/schedule/rotate_by_file.js
2019-12-26 10:59:12,568 INFO 70046 [egg-schedule]: register schedule /Users/umi/git/myblog/vue-blog-api/node_modules/egg-multipart/app/schedule/clean_tmpdir.js
2019-12-26 10:59:12,568 INFO 70046 [egg-schedule]: register schedule /Users/umi/git/myblog/vue-blog-api/node_modules/egg-logrotator/app/schedule/clean_log.js
2019-12-26 10:59:12,569 INFO 70046 [egg-schedule]: register schedule /Users/umi/git/myblog/vue-blog-api/node_modules/egg-logrotator/app/schedule/rotate_by_file.js
2019-12-26 11:01:05,890 INFO 70232 [egg-schedule]: register schedule /Users/umi/git/myblog/vue-blog-api/node_modules/egg-multipart/app/schedule/clean_tmpdir.js
2019-12-26 11:01:05,890 INFO 70232 [egg-schedule]: register schedule /Users/umi/git/myblog/vue-blog-api/node_modules/egg-logrotator/app/schedule/clean_log.js
2019-12-26 11:01:05,890 INFO 70232 [egg-schedule]: register schedule /Users/umi/git/myblog/vue-blog-api/node_modules/egg-logrotator/app/schedule/rotate_by_file.js
2019-12-26 11:01:12,443 INFO 70261 [egg-schedule]: register schedule /Users/umi/git/myblog/vue-blog-api/node_modules/egg-multipart/app/schedule/clean_tmpdir.js
2019-12-26 11:01:12,443 INFO 70261 [egg-schedule]: register schedule /Users/umi/git/myblog/vue-blog-api/node_modules/egg-logrotator/app/schedule/clean_log.js
2019-12-26 11:01:12,443 INFO 70261 [egg-schedule]: register schedule /Users/umi/git/myblog/vue-blog-api/node_modules/egg-logrotator/app/schedule/rotate_by_file.js
2019-12-26 11:03:25,027 INFO 70613 [egg-schedule]: register schedule /Users/umi/git/myblog/vue-blog-api/node_modules/egg-multipart/app/schedule/clean_tmpdir.js
2019-12-26 11:03:25,028 INFO 70613 [egg-schedule]: register schedule /Users/umi/git/myblog/vue-blog-api/node_modules/egg-logrotator/app/schedule/clean_log.js
2019-12-26 11:03:25,028 INFO 70613 [egg-schedule]: register schedule /Users/umi/git/myblog/vue-blog-api/node_modules/egg-logrotator/app/schedule/rotate_by_file.js
2019-12-26 11:06:12,522 INFO 70916 [egg-schedule]: register schedule /Users/umi/git/myblog/vue-blog-api/node_modules/egg-multipart/app/schedule/clean_tmpdir.js
2019-12-26 11:06:12,523 INFO 70916 [egg-schedule]: register schedule /Users/umi/git/myblog/vue-blog-api/node_modules/egg-logrotator/app/schedule/clean_log.js
2019-12-26 11:06:12,523 INFO 70916 [egg-schedule]: register schedule /Users/umi/git/myblog/vue-blog-api/node_modules/egg-logrotator/app/schedule/rotate_by_file.js
2019-12-26 11:09:45,064 INFO 71341 [egg-schedule]: register schedule /Users/umi/git/myblog/vue-blog-api/node_modules/egg-multipart/app/schedule/clean_tmpdir.js
2019-12-26 11:09:45,064 INFO 71341 [egg-schedule]: register schedule /Users/umi/git/myblog/vue-blog-api/node_modules/egg-logrotator/app/schedule/clean_log.js
2019-12-26 11:09:45,064 INFO 71341 [egg-schedule]: register schedule /Users/umi/git/myblog/vue-blog-api/node_modules/egg-logrotator/app/schedule/rotate_by_file.js
2019-12-26 11:13:48,596 INFO 71787 [egg-schedule]: register schedule /Users/umi/git/myblog/vue-blog-api/node_modules/egg-multipart/app/schedule/clean_tmpdir.js
2019-12-26 11:13:48,596 INFO 71787 [egg-schedule]: register schedule /Users/umi/git/myblog/vue-blog-api/node_modules/egg-logrotator/app/schedule/clean_log.js
2019-12-26 11:13:48,596 INFO 71787 [egg-schedule]: register schedule /Users/umi/git/myblog/vue-blog-api/node_modules/egg-logrotator/app/schedule/rotate_by_file.js
2019-12-26 11:20:21,122 INFO 72455 [egg-schedule]: register schedule /Users/umi/git/myblog/vue-blog-api/node_modules/egg-multipart/app/schedule/clean_tmpdir.js
2019-12-26 11:20:21,123 INFO 72455 [egg-schedule]: register schedule /Users/umi/git/myblog/vue-blog-api/node_modules/egg-logrotator/app/schedule/clean_log.js
2019-12-26 11:20:21,123 INFO 72455 [egg-schedule]: register schedule /Users/umi/git/myblog/vue-blog-api/node_modules/egg-logrotator/app/schedule/rotate_by_file.js
2019-12-26 11:20:21,529 INFO 72448 [Timer] /Users/umi/git/myblog/vue-blog-api/node_modules/egg-multipart/app/schedule/clean_tmpdir.js next time will execute after 61778476ms at 2019-12-27 04:30:00.005
2019-12-26 11:20:21,529 INFO 72448 [Timer] /Users/umi/git/myblog/vue-blog-api/node_modules/egg-logrotator/app/schedule/clean_log.js next time will execute after 45578471ms at 2019-12-27 00:00:00.000
2019-12-26 11:20:21,530 INFO 72448 [Timer] /Users/umi/git/myblog/vue-blog-api/node_modules/egg-logrotator/app/schedule/rotate_by_file.js next time will execute after 45579471ms at 2019-12-27 00:00:01.001
2019-12-26 11:23:01,947 INFO 72719 [egg-schedule]: register schedule /Users/umi/git/myblog/vue-blog-api/node_modules/egg-multipart/app/schedule/clean_tmpdir.js
2019-12-26 11:23:01,947 INFO 72719 [egg-schedule]: register schedule /Users/umi/git/myblog/vue-blog-api/node_modules/egg-logrotator/app/schedule/clean_log.js
2019-12-26 11:23:01,947 INFO 72719 [egg-schedule]: register schedule /Users/umi/git/myblog/vue-blog-api/node_modules/egg-logrotator/app/schedule/rotate_by_file.js
2019-12-26 11:24:58,677 INFO 72963 [egg-schedule]: register schedule /Users/umi/git/myblog/vue-blog-api/node_modules/egg-multipart/app/schedule/clean_tmpdir.js
2019-12-26 11:24:58,678 INFO 72963 [egg-schedule]: register schedule /Users/umi/git/myblog/vue-blog-api/node_modules/egg-logrotator/app/schedule/clean_log.js
2019-12-26 11:24:58,678 INFO 72963 [egg-schedule]: register schedule /Users/umi/git/myblog/vue-blog-api/node_modules/egg-logrotator/app/schedule/rotate_by_file.js
2019-12-26 11:25:26,058 INFO 73051 [egg-schedule]: register schedule /Users/umi/git/myblog/vue-blog-api/node_modules/egg-multipart/app/schedule/clean_tmpdir.js
2019-12-26 11:25:26,059 INFO 73051 [egg-schedule]: register schedule /Users/umi/git/myblog/vue-blog-api/node_modules/egg-logrotator/app/schedule/clean_log.js
2019-12-26 11:25:26,059 INFO 73051 [egg-schedule]: register schedule /Users/umi/git/myblog/vue-blog-api/node_modules/egg-logrotator/app/schedule/rotate_by_file.js
2019-12-26 11:27:46,209 INFO 73286 [egg-schedule]: register schedule /Users/umi/git/myblog/vue-blog-api/node_modules/egg-multipart/app/schedule/clean_tmpdir.js
2019-12-26 11:27:46,209 INFO 73286 [egg-schedule]: register schedule /Users/umi/git/myblog/vue-blog-api/node_modules/egg-logrotator/app/schedule/clean_log.js
2019-12-26 11:27:46,209 INFO 73286 [egg-schedule]: register schedule /Users/umi/git/myblog/vue-blog-api/node_modules/egg-logrotator/app/schedule/rotate_by_file.js
2019-12-26 11:40:02,530 INFO 75723 [egg-schedule]: register schedule /Users/umi/git/myblog/vue-blog-api/node_modules/egg-multipart/app/schedule/clean_tmpdir.js
2019-12-26 11:40:02,530 INFO 75723 [egg-schedule]: register schedule /Users/umi/git/myblog/vue-blog-api/node_modules/egg-logrotator/app/schedule/clean_log.js
2019-12-26 11:40:02,530 INFO 75723 [egg-schedule]: register schedule /Users/umi/git/myblog/vue-blog-api/node_modules/egg-logrotator/app/schedule/rotate_by_file.js
2019-12-26 11:40:16,347 INFO 75763 [egg-schedule]: register schedule /Users/umi/git/myblog/vue-blog-api/node_modules/egg-multipart/app/schedule/clean_tmpdir.js
2019-12-26 11:40:16,347 INFO 75763 [egg-schedule]: register schedule /Users/umi/git/myblog/vue-blog-api/node_modules/egg-logrotator/app/schedule/clean_log.js
2019-12-26 11:40:16,347 INFO 75763 [egg-schedule]: register schedule /Users/umi/git/myblog/vue-blog-api/node_modules/egg-logrotator/app/schedule/rotate_by_file.js
2019-12-26 11:41:53,548 INFO 75934 [egg-schedule]: register schedule /Users/umi/git/myblog/vue-blog-api/node_modules/egg-multipart/app/schedule/clean_tmpdir.js
2019-12-26 11:41:53,548 INFO 75934 [egg-schedule]: register schedule /Users/umi/git/myblog/vue-blog-api/node_modules/egg-logrotator/app/schedule/clean_log.js
2019-12-26 11:41:53,548 INFO 75934 [egg-schedule]: register schedule /Users/umi/git/myblog/vue-blog-api/node_modules/egg-logrotator/app/schedule/rotate_by_file.js
2019-12-26 11:51:01,431 INFO 8348 [Timer] /Users/umi/git/myblog/vue-blog-api/node_modules/egg-multipart/app/schedule/clean_tmpdir.js next time will execute after 59938574ms at 2019-12-27 04:30:00.005
2019-12-26 11:51:01,431 INFO 8348 [Timer] /Users/umi/git/myblog/vue-blog-api/node_modules/egg-logrotator/app/schedule/clean_log.js next time will execute after 43738569ms at 2019-12-27 00:00:00.000
2019-12-26 11:51:01,432 INFO 8348 [Timer] /Users/umi/git/myblog/vue-blog-api/node_modules/egg-logrotator/app/schedule/rotate_by_file.js next time will execute after 43739569ms at 2019-12-27 00:00:01.001
2019-12-26 11:51:00,995 INFO 8349 [egg-schedule]: register schedule /Users/umi/git/myblog/vue-blog-api/node_modules/egg-multipart/app/schedule/clean_tmpdir.js
2019-12-26 11:51:00,995 INFO 8349 [egg-schedule]: register schedule /Users/umi/git/myblog/vue-blog-api/node_modules/egg-logrotator/app/schedule/clean_log.js
2019-12-26 11:51:00,995 INFO 8349 [egg-schedule]: register schedule /Users/umi/git/myblog/vue-blog-api/node_modules/egg-logrotator/app/schedule/rotate_by_file.js
2019-12-26 11:51:51,929 INFO 8378 [egg-schedule]: register schedule /Users/umi/git/myblog/vue-blog-api/node_modules/egg-multipart/app/schedule/clean_tmpdir.js
2019-12-26 11:51:51,929 INFO 8378 [egg-schedule]: register schedule /Users/umi/git/myblog/vue-blog-api/node_modules/egg-logrotator/app/schedule/clean_log.js
2019-12-26 11:51:51,929 INFO 8378 [egg-schedule]: register schedule /Users/umi/git/myblog/vue-blog-api/node_modules/egg-logrotator/app/schedule/rotate_by_file.js
2019-12-26 14:22:28,625 INFO 8518 [egg-schedule]: register schedule /Users/umi/git/myblog/vue-blog-api/node_modules/egg-multipart/app/schedule/clean_tmpdir.js
2019-12-26 14:22:28,625 INFO 8518 [egg-schedule]: register schedule /Users/umi/git/myblog/vue-blog-api/node_modules/egg-logrotator/app/schedule/clean_log.js
2019-12-26 14:22:28,625 INFO 8518 [egg-schedule]: register schedule /Users/umi/git/myblog/vue-blog-api/node_modules/egg-logrotator/app/schedule/rotate_by_file.js
2019-12-26 14:24:06,280 INFO 8539 [egg-schedule]: register schedule /Users/umi/git/myblog/vue-blog-api/node_modules/egg-multipart/app/schedule/clean_tmpdir.js
2019-12-26 14:24:06,280 INFO 8539 [egg-schedule]: register schedule /Users/umi/git/myblog/vue-blog-api/node_modules/egg-logrotator/app/schedule/clean_log.js
2019-12-26 14:24:06,280 INFO 8539 [egg-schedule]: register schedule /Users/umi/git/myblog/vue-blog-api/node_modules/egg-logrotator/app/schedule/rotate_by_file.js
2019-12-26 14:31:22,180 INFO 8641 [egg-schedule]: register schedule /Users/umi/git/myblog/vue-blog-api/node_modules/egg-multipart/app/schedule/clean_tmpdir.js
2019-12-26 14:31:22,180 INFO 8641 [egg-schedule]: register schedule /Users/umi/git/myblog/vue-blog-api/node_modules/egg-logrotator/app/schedule/clean_log.js
2019-12-26 14:31:22,180 INFO 8641 [egg-schedule]: register schedule /Users/umi/git/myblog/vue-blog-api/node_modules/egg-logrotator/app/schedule/rotate_by_file.js
2019-12-26 15:11:17,945 INFO 8827 [egg-schedule]: register schedule /Users/umi/git/myblog/vue-blog-api/node_modules/egg-multipart/app/schedule/clean_tmpdir.js
2019-12-26 15:11:17,945 INFO 8827 [egg-schedule]: register schedule /Users/umi/git/myblog/vue-blog-api/node_modules/egg-logrotator/app/schedule/clean_log.js
2019-12-26 15:11:17,945 INFO 8827 [egg-schedule]: register schedule /Users/umi/git/myblog/vue-blog-api/node_modules/egg-logrotator/app/schedule/rotate_by_file.js
2019-12-26 16:29:48,605 INFO 11714 [egg-schedule]: register schedule /Users/umi/git/myblog/vue-blog-api/node_modules/egg-multipart/app/schedule/clean_tmpdir.js
2019-12-26 16:29:48,605 INFO 11714 [egg-schedule]: register schedule /Users/umi/git/myblog/vue-blog-api/node_modules/egg-logrotator/app/schedule/clean_log.js
2019-12-26 16:29:48,605 INFO 11714 [egg-schedule]: register schedule /Users/umi/git/myblog/vue-blog-api/node_modules/egg-logrotator/app/schedule/rotate_by_file.js
2019-12-26 16:52:29,797 INFO 11845 [egg-schedule]: register schedule /Users/umi/git/myblog/vue-blog-api/node_modules/egg-multipart/app/schedule/clean_tmpdir.js
2019-12-26 16:52:29,797 INFO 11845 [egg-schedule]: register schedule /Users/umi/git/myblog/vue-blog-api/node_modules/egg-logrotator/app/schedule/clean_log.js
2019-12-26 16:52:29,797 INFO 11845 [egg-schedule]: register schedule /Users/umi/git/myblog/vue-blog-api/node_modules/egg-logrotator/app/schedule/rotate_by_file.js
2019-12-26 16:57:25,800 INFO 11896 [egg-schedule]: register schedule /Users/umi/git/myblog/vue-blog-api/node_modules/egg-multipart/app/schedule/clean_tmpdir.js
2019-12-26 16:57:25,800 INFO 11896 [egg-schedule]: register schedule /Users/umi/git/myblog/vue-blog-api/node_modules/egg-logrotator/app/schedule/clean_log.js
2019-12-26 16:57:25,800 INFO 11896 [egg-schedule]: register schedule /Users/umi/git/myblog/vue-blog-api/node_modules/egg-logrotator/app/schedule/rotate_by_file.js
2019-12-26 16:57:43,550 INFO 11913 [egg-schedule]: register schedule /Users/umi/git/myblog/vue-blog-api/node_modules/egg-multipart/app/schedule/clean_tmpdir.js
2019-12-26 16:57:43,550 INFO 11913 [egg-schedule]: register schedule /Users/umi/git/myblog/vue-blog-api/node_modules/egg-logrotator/app/schedule/clean_log.js
2019-12-26 16:57:43,550 INFO 11913 [egg-schedule]: register schedule /Users/umi/git/myblog/vue-blog-api/node_modules/egg-logrotator/app/schedule/rotate_by_file.js
2019-12-26 17:02:43,430 INFO 11951 [egg-schedule]: register schedule /Users/umi/git/myblog/vue-blog-api/node_modules/egg-multipart/app/schedule/clean_tmpdir.js
2019-12-26 17:02:43,430 INFO 11951 [egg-schedule]: register schedule /Users/umi/git/myblog/vue-blog-api/node_modules/egg-logrotator/app/schedule/clean_log.js
2019-12-26 17:02:43,430 INFO 11951 [egg-schedule]: register schedule /Users/umi/git/myblog/vue-blog-api/node_modules/egg-logrotator/app/schedule/rotate_by_file.js
2019-12-26 17:03:04,092 INFO 11969 [egg-schedule]: register schedule /Users/umi/git/myblog/vue-blog-api/node_modules/egg-multipart/app/schedule/clean_tmpdir.js
2019-12-26 17:03:04,092 INFO 11969 [egg-schedule]: register schedule /Users/umi/git/myblog/vue-blog-api/node_modules/egg-logrotator/app/schedule/clean_log.js
2019-12-26 17:03:04,092 INFO 11969 [egg-schedule]: register schedule /Users/umi/git/myblog/vue-blog-api/node_modules/egg-logrotator/app/schedule/rotate_by_file.js
2019-12-26 17:03:13,473 INFO 11986 [egg-schedule]: register schedule /Users/umi/git/myblog/vue-blog-api/node_modules/egg-multipart/app/schedule/clean_tmpdir.js
2019-12-26 17:03:13,473 INFO 11986 [egg-schedule]: register schedule /Users/umi/git/myblog/vue-blog-api/node_modules/egg-logrotator/app/schedule/clean_log.js
2019-12-26 17:03:13,473 INFO 11986 [egg-schedule]: register schedule /Users/umi/git/myblog/vue-blog-api/node_modules/egg-logrotator/app/schedule/rotate_by_file.js
2019-12-26 17:03:38,296 INFO 11995 [egg-schedule]: register schedule /Users/umi/git/myblog/vue-blog-api/node_modules/egg-multipart/app/schedule/clean_tmpdir.js
2019-12-26 17:03:38,296 INFO 11995 [egg-schedule]: register schedule /Users/umi/git/myblog/vue-blog-api/node_modules/egg-logrotator/app/schedule/clean_log.js
2019-12-26 17:03:38,296 INFO 11995 [egg-schedule]: register schedule /Users/umi/git/myblog/vue-blog-api/node_modules/egg-logrotator/app/schedule/rotate_by_file.js
2019-12-26 17:03:47,058 INFO 12013 [egg-schedule]: register schedule /Users/umi/git/myblog/vue-blog-api/node_modules/egg-multipart/app/schedule/clean_tmpdir.js
2019-12-26 17:03:47,058 INFO 12013 [egg-schedule]: register schedule /Users/umi/git/myblog/vue-blog-api/node_modules/egg-logrotator/app/schedule/clean_log.js
2019-12-26 17:03:47,058 INFO 12013 [egg-schedule]: register schedule /Users/umi/git/myblog/vue-blog-api/node_modules/egg-logrotator/app/schedule/rotate_by_file.js
2019-12-26 17:06:40,058 INFO 12060 [egg-schedule]: register schedule /Users/umi/git/myblog/vue-blog-api/node_modules/egg-multipart/app/schedule/clean_tmpdir.js
2019-12-26 17:06:40,058 INFO 12060 [egg-schedule]: register schedule /Users/umi/git/myblog/vue-blog-api/node_modules/egg-logrotator/app/schedule/clean_log.js
2019-12-26 17:06:40,058 INFO 12060 [egg-schedule]: register schedule /Users/umi/git/myblog/vue-blog-api/node_modules/egg-logrotator/app/schedule/rotate_by_file.js
2019-12-26 17:15:37,309 INFO 12143 [egg-schedule]: register schedule /Users/umi/git/myblog/vue-blog-api/node_modules/egg-multipart/app/schedule/clean_tmpdir.js
2019-12-26 17:15:37,309 INFO 12143 [egg-schedule]: register schedule /Users/umi/git/myblog/vue-blog-api/node_modules/egg-logrotator/app/schedule/clean_log.js
2019-12-26 17:15:37,309 INFO 12143 [egg-schedule]: register schedule /Users/umi/git/myblog/vue-blog-api/node_modules/egg-logrotator/app/schedule/rotate_by_file.js
2019-12-26 17:19:42,334 INFO 12212 [egg-schedule]: register schedule /Users/umi/git/myblog/vue-blog-api/node_modules/egg-multipart/app/schedule/clean_tmpdir.js
2019-12-26 17:19:42,334 INFO 12212 [egg-schedule]: register schedule /Users/umi/git/myblog/vue-blog-api/node_modules/egg-logrotator/app/schedule/clean_log.js
2019-12-26 17:19:42,334 INFO 12212 [egg-schedule]: register schedule /Users/umi/git/myblog/vue-blog-api/node_modules/egg-logrotator/app/schedule/rotate_by_file.js
2019-12-26 17:25:48,977 INFO 12253 [egg-schedule]: register schedule /Users/umi/git/myblog/vue-blog-api/node_modules/egg-multipart/app/schedule/clean_tmpdir.js
2019-12-26 17:25:48,977 INFO 12253 [egg-schedule]: register schedule /Users/umi/git/myblog/vue-blog-api/node_modules/egg-logrotator/app/schedule/clean_log.js
2019-12-26 17:25:48,977 INFO 12253 [egg-schedule]: register schedule /Users/umi/git/myblog/vue-blog-api/node_modules/egg-logrotator/app/schedule/rotate_by_file.js
2019-12-26 17:29:44,330 INFO 12410 [Timer] /Users/umi/git/myblog/vue-blog-api/node_modules/egg-multipart/app/schedule/clean_tmpdir.js next time will execute after 39615674ms at 2019-12-27 04:30:00.004
2019-12-26 17:29:44,330 INFO 12410 [Timer] /Users/umi/git/myblog/vue-blog-api/node_modules/egg-logrotator/app/schedule/clean_log.js next time will execute after 23415670ms at 2019-12-27 00:00:00.000
2019-12-26 17:29:44,330 INFO 12410 [Timer] /Users/umi/git/myblog/vue-blog-api/node_modules/egg-logrotator/app/schedule/rotate_by_file.js next time will execute after 23416670ms at 2019-12-27 00:00:01.000
2019-12-26 17:29:43,881 INFO 12411 [egg-schedule]: register schedule /Users/umi/git/myblog/vue-blog-api/node_modules/egg-multipart/app/schedule/clean_tmpdir.js
2019-12-26 17:29:43,881 INFO 12411 [egg-schedule]: register schedule /Users/umi/git/myblog/vue-blog-api/node_modules/egg-logrotator/app/schedule/clean_log.js
2019-12-26 17:29:43,881 INFO 12411 [egg-schedule]: register schedule /Users/umi/git/myblog/vue-blog-api/node_modules/egg-logrotator/app/schedule/rotate_by_file.js
2019-12-26 17:43:52,745 INFO 12565 [egg-schedule]: register schedule /Users/umi/git/myblog/vue-blog-api/node_modules/egg-multipart/app/schedule/clean_tmpdir.js
2019-12-26 17:43:52,745 INFO 12565 [egg-schedule]: register schedule /Users/umi/git/myblog/vue-blog-api/node_modules/egg-logrotator/app/schedule/clean_log.js
2019-12-26 17:43:52,745 INFO 12565 [egg-schedule]: register schedule /Users/umi/git/myblog/vue-blog-api/node_modules/egg-logrotator/app/schedule/rotate_by_file.js
2019-12-26 17:44:37,284 INFO 12597 [egg-schedule]: register schedule /Users/umi/git/myblog/vue-blog-api/node_modules/egg-multipart/app/schedule/clean_tmpdir.js
2019-12-26 17:44:37,284 INFO 12597 [egg-schedule]: register schedule /Users/umi/git/myblog/vue-blog-api/node_modules/egg-logrotator/app/schedule/clean_log.js
2019-12-26 17:44:37,284 INFO 12597 [egg-schedule]: register schedule /Users/umi/git/myblog/vue-blog-api/node_modules/egg-logrotator/app/schedule/rotate_by_file.js
2019-12-26 17:47:19,542 INFO 12632 [egg-schedule]: register schedule /Users/umi/git/myblog/vue-blog-api/node_modules/egg-multipart/app/schedule/clean_tmpdir.js
2019-12-26 17:47:19,542 INFO 12632 [egg-schedule]: register schedule /Users/umi/git/myblog/vue-blog-api/node_modules/egg-logrotator/app/schedule/clean_log.js
2019-12-26 17:47:19,542 INFO 12632 [egg-schedule]: register schedule /Users/umi/git/myblog/vue-blog-api/node_modules/egg-logrotator/app/schedule/rotate_by_file.js
2019-12-26 17:47:55,777 INFO 12649 [egg-schedule]: register schedule /Users/umi/git/myblog/vue-blog-api/node_modules/egg-multipart/app/schedule/clean_tmpdir.js
2019-12-26 17:47:55,777 INFO 12649 [egg-schedule]: register schedule /Users/umi/git/myblog/vue-blog-api/node_modules/egg-logrotator/app/schedule/clean_log.js
2019-12-26 17:47:55,777 INFO 12649 [egg-schedule]: register schedule /Users/umi/git/myblog/vue-blog-api/node_modules/egg-logrotator/app/schedule/rotate_by_file.js
2019-12-26 17:50:14,052 INFO 12683 [egg-schedule]: register schedule /Users/umi/git/myblog/vue-blog-api/node_modules/egg-multipart/app/schedule/clean_tmpdir.js
2019-12-26 17:50:14,052 INFO 12683 [egg-schedule]: register schedule /Users/umi/git/myblog/vue-blog-api/node_modules/egg-logrotator/app/schedule/clean_log.js
2019-12-26 17:50:14,052 INFO 12683 [egg-schedule]: register schedule /Users/umi/git/myblog/vue-blog-api/node_modules/egg-logrotator/app/schedule/rotate_by_file.js
2019-12-26 18:01:48,833 INFO 13232 [egg-schedule]: register schedule /Users/umi/git/myblog/vue-blog-api/node_modules/egg-multipart/app/schedule/clean_tmpdir.js
2019-12-26 18:01:48,833 INFO 13232 [egg-schedule]: register schedule /Users/umi/git/myblog/vue-blog-api/node_modules/egg-logrotator/app/schedule/clean_log.js
2019-12-26 18:01:48,833 INFO 13232 [egg-schedule]: register schedule /Users/umi/git/myblog/vue-blog-api/node_modules/egg-logrotator/app/schedule/rotate_by_file.js
2019-12-26 18:01:49,298 INFO 13228 [Timer] /Users/umi/git/myblog/vue-blog-api/node_modules/egg-multipart/app/schedule/clean_tmpdir.js next time will execute after 37690706ms at 2019-12-27 04:30:00.004
2019-12-26 18:01:49,298 INFO 13228 [Timer] /Users/umi/git/myblog/vue-blog-api/node_modules/egg-logrotator/app/schedule/clean_log.js next time will execute after 21490702ms at 2019-12-27 00:00:00.000
2019-12-26 18:01:49,299 INFO 13228 [Timer] /Users/umi/git/myblog/vue-blog-api/node_modules/egg-logrotator/app/schedule/rotate_by_file.js next time will execute after 21491702ms at 2019-12-27 00:00:01.001
2019-12-26 18:14:25,627 INFO 13538 [egg-schedule]: register schedule /Users/umi/git/myblog/vue-blog-api/node_modules/egg-multipart/app/schedule/clean_tmpdir.js
2019-12-26 18:14:25,627 INFO 13538 [egg-schedule]: register schedule /Users/umi/git/myblog/vue-blog-api/node_modules/egg-logrotator/app/schedule/clean_log.js
2019-12-26 18:14:25,627 INFO 13538 [egg-schedule]: register schedule /Users/umi/git/myblog/vue-blog-api/node_modules/egg-logrotator/app/schedule/rotate_by_file.js
2019-12-26 18:22:58,313 INFO 13632 [egg-schedule]: register schedule /Users/umi/git/myblog/vue-blog-api/node_modules/egg-multipart/app/schedule/clean_tmpdir.js
2019-12-26 18:22:58,313 INFO 13632 [egg-schedule]: register schedule /Users/umi/git/myblog/vue-blog-api/node_modules/egg-logrotator/app/schedule/clean_log.js
2019-12-26 18:22:58,313 INFO 13632 [egg-schedule]: register schedule /Users/umi/git/myblog/vue-blog-api/node_modules/egg-logrotator/app/schedule/rotate_by_file.js
2019-12-27 10:59:55,925 INFO 13913 [egg-schedule]: register schedule /Users/umi/git/myblog/vue-blog-api/node_modules/egg-multipart/app/schedule/clean_tmpdir.js
2019-12-27 10:59:55,925 INFO 13913 [egg-schedule]: register schedule /Users/umi/git/myblog/vue-blog-api/node_modules/egg-logrotator/app/schedule/clean_log.js
2019-12-27 10:59:55,925 INFO 13913 [egg-schedule]: register schedule /Users/umi/git/myblog/vue-blog-api/node_modules/egg-logrotator/app/schedule/rotate_by_file.js
