2019-12-25 15:58:21,211 INFO 57827 [egg-logrotator] app logger reload: got log-reload message
2019-12-25 16:31:52,695 INFO 54685 [egg:logger] init all loggers with options: {"dir":"/Users/umi/git/myblog/vue-blog-api/logs/blog-api","encoding":"utf8","env":"local","level":"INFO","consoleLevel":"INFO","disableConsoleAfterReady":false,"outputJSON":false,"buffer":true,"appLogName":"blog-api-web.log","coreLogName":"egg-web.log","agentLogName":"egg-agent.log","errorLogName":"common-error.log","coreLogger":{"consoleLevel":"WARN"},"allowDebugAtProd":false,"type":"application"}
2019-12-25 16:31:52,757 INFO 54685 [egg-multipart] stream mode enable
2019-12-25 16:31:52,942 INFO 54685 [egg-static] starting static serve /public/ -> /Users/umi/git/myblog/vue-blog-api/app/public
2019-12-25 16:31:52,948 INFO 54685 [egg-security] use csrf middleware
2019-12-25 16:31:52,956 INFO 54685 [egg-security] use methodnoallow middleware
2019-12-25 16:31:52,958 INFO 54685 [egg-security] use noopen middleware
2019-12-25 16:31:52,960 INFO 54685 [egg-security] use nosniff middleware
2019-12-25 16:31:52,962 INFO 54685 [egg-security] use xssProtection middleware
2019-12-25 16:31:52,964 INFO 54685 [egg-security] use xframe middleware
2019-12-25 16:31:52,966 INFO 54685 [egg-security] use dta middleware
2019-12-25 16:31:52,966 INFO 54685 [egg-security] compose 7 middlewares into one security middleware
2019-12-25 16:31:52,984 INFO 54685 [egg:core] dump config after load, 10ms
2019-12-25 16:31:52,998 INFO 54685 [egg-watcher:application] watcher start success
2019-12-25 16:31:53,005 INFO 54685 [egg:core] dump config after ready, 5ms
2019-12-25 16:33:02,333 INFO 54816 [egg:logger] init all loggers with options: {"dir":"/Users/umi/git/myblog/vue-blog-api/logs/blog-api","encoding":"utf8","env":"local","level":"INFO","consoleLevel":"INFO","disableConsoleAfterReady":false,"outputJSON":false,"buffer":true,"appLogName":"blog-api-web.log","coreLogName":"egg-web.log","agentLogName":"egg-agent.log","errorLogName":"common-error.log","coreLogger":{"consoleLevel":"WARN"},"allowDebugAtProd":false,"type":"application"}
2019-12-25 16:33:02,389 INFO 54816 [egg-multipart] stream mode enable
2019-12-25 16:33:02,567 INFO 54816 [egg-static] starting static serve /public/ -> /Users/umi/git/myblog/vue-blog-api/app/public
2019-12-25 16:33:02,577 INFO 54816 [egg-security] use csrf middleware
2019-12-25 16:33:02,579 INFO 54816 [egg-security] use methodnoallow middleware
2019-12-25 16:33:02,581 INFO 54816 [egg-security] use noopen middleware
2019-12-25 16:33:02,583 INFO 54816 [egg-security] use nosniff middleware
2019-12-25 16:33:02,585 INFO 54816 [egg-security] use xssProtection middleware
2019-12-25 16:33:02,587 INFO 54816 [egg-security] use xframe middleware
2019-12-25 16:33:02,589 INFO 54816 [egg-security] use dta middleware
2019-12-25 16:33:02,589 INFO 54816 [egg-security] compose 7 middlewares into one security middleware
2019-12-25 16:33:02,604 INFO 54816 [egg:core] dump config after load, 6ms
2019-12-25 16:33:02,622 INFO 54816 [egg-watcher:application] watcher start success
2019-12-25 16:33:02,630 INFO 54816 [egg:core] dump config after ready, 5ms
2019-12-26 10:10:51,533 INFO 65027 [egg:logger] init all loggers with options: {"dir":"/Users/umi/git/myblog/vue-blog-api/logs/blog-api","encoding":"utf8","env":"local","level":"INFO","consoleLevel":"INFO","disableConsoleAfterReady":false,"outputJSON":false,"buffer":true,"appLogName":"blog-api-web.log","coreLogName":"egg-web.log","agentLogName":"egg-agent.log","errorLogName":"common-error.log","coreLogger":{"consoleLevel":"WARN"},"allowDebugAtProd":false,"type":"application"}
2019-12-26 10:10:51,622 INFO 65027 [egg-multipart] stream mode enable
2019-12-26 10:10:51,623 INFO 65027 [egg-mysql] connecting root@localhost:3306/my_blogDataBase
2019-12-26 10:10:52,107 INFO 65027 [egg-static] starting static serve /public/ -> /Users/umi/git/myblog/vue-blog-api/app/public
2019-12-26 10:10:52,111 INFO 65027 [egg-security] use csrf middleware
2019-12-26 10:10:52,113 INFO 65027 [egg-security] use methodnoallow middleware
2019-12-26 10:10:52,115 INFO 65027 [egg-security] use noopen middleware
2019-12-26 10:10:52,117 INFO 65027 [egg-security] use nosniff middleware
2019-12-26 10:10:52,119 INFO 65027 [egg-security] use xssProtection middleware
2019-12-26 10:10:52,121 INFO 65027 [egg-security] use xframe middleware
2019-12-26 10:10:52,122 INFO 65027 [egg-security] use dta middleware
2019-12-26 10:10:52,122 INFO 65027 [egg-security] compose 7 middlewares into one security middleware
2019-12-26 10:10:52,143 INFO 65027 [egg:core] dump config after load, 13ms
2019-12-26 10:10:52,185 INFO 65027 [egg-watcher:application] watcher start success
2019-12-26 10:10:52,215 INFO 65027 [egg:core] dump config after ready, 7ms
2019-12-26 10:12:34,756 INFO 65213 [egg:logger] init all loggers with options: {"dir":"/Users/umi/git/myblog/vue-blog-api/logs/blog-api","encoding":"utf8","env":"local","level":"INFO","consoleLevel":"INFO","disableConsoleAfterReady":false,"outputJSON":false,"buffer":true,"appLogName":"blog-api-web.log","coreLogName":"egg-web.log","agentLogName":"egg-agent.log","errorLogName":"common-error.log","coreLogger":{"consoleLevel":"WARN"},"allowDebugAtProd":false,"type":"application"}
2019-12-26 10:12:34,814 INFO 65213 [egg-multipart] stream mode enable
2019-12-26 10:12:34,977 INFO 65213 [egg-static] starting static serve /public/ -> /Users/umi/git/myblog/vue-blog-api/app/public
2019-12-26 10:12:34,984 INFO 65213 [egg-security] use csrf middleware
2019-12-26 10:12:34,986 INFO 65213 [egg-security] use methodnoallow middleware
2019-12-26 10:12:34,988 INFO 65213 [egg-security] use noopen middleware
2019-12-26 10:12:34,991 INFO 65213 [egg-security] use nosniff middleware
2019-12-26 10:12:34,993 INFO 65213 [egg-security] use xssProtection middleware
2019-12-26 10:12:34,995 INFO 65213 [egg-security] use xframe middleware
2019-12-26 10:12:34,997 INFO 65213 [egg-security] use dta middleware
2019-12-26 10:12:34,997 INFO 65213 [egg-security] compose 7 middlewares into one security middleware
2019-12-26 10:12:35,019 INFO 65213 [egg:core] dump config after load, 10ms
2019-12-26 10:12:35,041 INFO 65213 [egg-watcher:application] watcher start success
2019-12-26 10:12:35,056 INFO 65213 [egg:core] dump config after ready, 11ms
2019-12-26 10:12:43,787 INFO 65239 [egg:logger] init all loggers with options: {"dir":"/Users/umi/git/myblog/vue-blog-api/logs/blog-api","encoding":"utf8","env":"local","level":"INFO","consoleLevel":"INFO","disableConsoleAfterReady":false,"outputJSON":false,"buffer":true,"appLogName":"blog-api-web.log","coreLogName":"egg-web.log","agentLogName":"egg-agent.log","errorLogName":"common-error.log","coreLogger":{"consoleLevel":"WARN"},"allowDebugAtProd":false,"type":"application"}
2019-12-26 10:12:43,826 INFO 65239 [egg-multipart] stream mode enable
2019-12-26 10:12:43,827 INFO 65239 [egg-mysql] connecting root@localhost:3306/my_blogDataBase
2019-12-26 10:12:44,003 INFO 65239 [egg-static] starting static serve /public/ -> /Users/umi/git/myblog/vue-blog-api/app/public
2019-12-26 10:12:44,006 INFO 65239 [egg-security] use csrf middleware
2019-12-26 10:12:44,007 INFO 65239 [egg-security] use methodnoallow middleware
2019-12-26 10:12:44,007 INFO 65239 [egg-security] use noopen middleware
2019-12-26 10:12:44,007 INFO 65239 [egg-security] use nosniff middleware
2019-12-26 10:12:44,008 INFO 65239 [egg-security] use xssProtection middleware
2019-12-26 10:12:44,008 INFO 65239 [egg-security] use xframe middleware
2019-12-26 10:12:44,008 INFO 65239 [egg-security] use dta middleware
2019-12-26 10:12:44,008 INFO 65239 [egg-security] compose 7 middlewares into one security middleware
2019-12-26 10:12:44,018 INFO 65239 [egg:core] dump config after load, 6ms
2019-12-26 10:12:44,043 INFO 65239 [egg-watcher:application] watcher start success
2019-12-26 10:12:44,055 INFO 65239 [egg:core] dump config after ready, 4ms
2019-12-26 10:17:33,709 INFO 65705 [egg:logger] init all loggers with options: {"dir":"/Users/umi/git/myblog/vue-blog-api/logs/blog-api","encoding":"utf8","env":"local","level":"INFO","consoleLevel":"INFO","disableConsoleAfterReady":false,"outputJSON":false,"buffer":true,"appLogName":"blog-api-web.log","coreLogName":"egg-web.log","agentLogName":"egg-agent.log","errorLogName":"common-error.log","coreLogger":{"consoleLevel":"WARN"},"allowDebugAtProd":false,"type":"application"}
2019-12-26 10:17:33,763 INFO 65705 [egg-multipart] stream mode enable
2019-12-26 10:17:33,764 INFO 65705 [egg-mysql] connecting root@localhost:3306/my_blogDataBase
2019-12-26 10:17:34,103 INFO 65705 [egg-static] starting static serve /public/ -> /Users/umi/git/myblog/vue-blog-api/app/public
2019-12-26 10:17:34,107 INFO 65705 [egg-security] use csrf middleware
2019-12-26 10:17:34,110 INFO 65705 [egg-security] use methodnoallow middleware
2019-12-26 10:17:34,111 INFO 65705 [egg-security] use noopen middleware
2019-12-26 10:17:34,114 INFO 65705 [egg-security] use nosniff middleware
2019-12-26 10:17:34,116 INFO 65705 [egg-security] use xssProtection middleware
2019-12-26 10:17:34,118 INFO 65705 [egg-security] use xframe middleware
2019-12-26 10:17:34,119 INFO 65705 [egg-security] use dta middleware
2019-12-26 10:17:34,119 INFO 65705 [egg-security] compose 7 middlewares into one security middleware
2019-12-26 10:17:34,135 INFO 65705 [egg:core] dump config after load, 9ms
2019-12-26 10:17:34,162 INFO 65705 [egg-watcher:application] watcher start success
2019-12-26 10:17:34,177 INFO 65705 [egg:core] dump config after ready, 5ms
2019-12-26 10:19:30,720 INFO 66138 [egg:logger] init all loggers with options: {"dir":"/Users/umi/git/myblog/vue-blog-api/logs/blog-api","encoding":"utf8","env":"local","level":"INFO","consoleLevel":"INFO","disableConsoleAfterReady":false,"outputJSON":false,"buffer":true,"appLogName":"blog-api-web.log","coreLogName":"egg-web.log","agentLogName":"egg-agent.log","errorLogName":"common-error.log","coreLogger":{"consoleLevel":"WARN"},"allowDebugAtProd":false,"type":"application"}
2019-12-26 10:19:30,761 INFO 66138 [egg-multipart] stream mode enable
2019-12-26 10:19:30,761 INFO 66138 [egg-mysql] connecting root@localhost:3306/my_blogDataBase
2019-12-26 10:19:30,879 INFO 66138 [egg-static] starting static serve /public/ -> /Users/umi/git/myblog/vue-blog-api/app/public
2019-12-26 10:19:30,882 INFO 66138 [egg-security] use csrf middleware
2019-12-26 10:19:30,883 INFO 66138 [egg-security] use methodnoallow middleware
2019-12-26 10:19:30,883 INFO 66138 [egg-security] use noopen middleware
2019-12-26 10:19:30,884 INFO 66138 [egg-security] use nosniff middleware
2019-12-26 10:19:30,884 INFO 66138 [egg-security] use xssProtection middleware
2019-12-26 10:19:30,885 INFO 66138 [egg-security] use xframe middleware
2019-12-26 10:19:30,885 INFO 66138 [egg-security] use dta middleware
2019-12-26 10:19:30,885 INFO 66138 [egg-security] compose 7 middlewares into one security middleware
2019-12-26 10:19:30,902 INFO 66138 [egg:core] dump config after load, 6ms
2019-12-26 10:19:30,948 INFO 66138 [egg-watcher:application] watcher start success
2019-12-26 10:19:30,967 INFO 66138 [egg:core] dump config after ready, 6ms
2019-12-26 10:27:21,244 INFO 66927 [egg:logger] init all loggers with options: {"dir":"/Users/umi/git/myblog/vue-blog-api/logs/blog-api","encoding":"utf8","env":"local","level":"INFO","consoleLevel":"INFO","disableConsoleAfterReady":false,"outputJSON":false,"buffer":true,"appLogName":"blog-api-web.log","coreLogName":"egg-web.log","agentLogName":"egg-agent.log","errorLogName":"common-error.log","coreLogger":{"consoleLevel":"WARN"},"allowDebugAtProd":false,"type":"application"}
2019-12-26 10:27:21,277 INFO 66927 [egg-multipart] stream mode enable
2019-12-26 10:27:21,278 INFO 66927 [egg-mysql] connecting root@localhost:3306/my_blogDataBase
2019-12-26 10:27:21,368 INFO 66927 [egg-static] starting static serve /public/ -> /Users/umi/git/myblog/vue-blog-api/app/public
2019-12-26 10:27:21,372 INFO 66927 [egg-security] use csrf middleware
2019-12-26 10:27:21,372 INFO 66927 [egg-security] use methodnoallow middleware
2019-12-26 10:27:21,373 INFO 66927 [egg-security] use noopen middleware
2019-12-26 10:27:21,373 INFO 66927 [egg-security] use nosniff middleware
2019-12-26 10:27:21,373 INFO 66927 [egg-security] use xssProtection middleware
2019-12-26 10:27:21,374 INFO 66927 [egg-security] use xframe middleware
2019-12-26 10:27:21,374 INFO 66927 [egg-security] use dta middleware
2019-12-26 10:27:21,374 INFO 66927 [egg-security] compose 7 middlewares into one security middleware
2019-12-26 10:27:21,383 INFO 66927 [egg:core] dump config after load, 5ms
2019-12-26 10:27:21,411 INFO 66927 [egg-watcher:application] watcher start success
2019-12-26 10:27:21,430 INFO 66927 [egg:core] dump config after ready, 4ms
2019-12-26 10:32:08,755 INFO 67411 [egg:logger] init all loggers with options: {"dir":"/Users/umi/git/myblog/vue-blog-api/logs/blog-api","encoding":"utf8","env":"local","level":"INFO","consoleLevel":"INFO","disableConsoleAfterReady":false,"outputJSON":false,"buffer":true,"appLogName":"blog-api-web.log","coreLogName":"egg-web.log","agentLogName":"egg-agent.log","errorLogName":"common-error.log","coreLogger":{"consoleLevel":"WARN"},"allowDebugAtProd":false,"type":"application"}
2019-12-26 10:32:08,789 INFO 67411 [egg-multipart] stream mode enable
2019-12-26 10:32:08,789 INFO 67411 [egg-mysql] connecting root@localhost:3306/my_blogDataBase
2019-12-26 10:32:08,878 INFO 67411 [egg-static] starting static serve /public/ -> /Users/umi/git/myblog/vue-blog-api/app/public
2019-12-26 10:32:08,881 INFO 67411 [egg-security] use csrf middleware
2019-12-26 10:32:08,882 INFO 67411 [egg-security] use methodnoallow middleware
2019-12-26 10:32:08,882 INFO 67411 [egg-security] use noopen middleware
2019-12-26 10:32:08,883 INFO 67411 [egg-security] use nosniff middleware
2019-12-26 10:32:08,883 INFO 67411 [egg-security] use xssProtection middleware
2019-12-26 10:32:08,883 INFO 67411 [egg-security] use xframe middleware
2019-12-26 10:32:08,884 INFO 67411 [egg-security] use dta middleware
2019-12-26 10:32:08,884 INFO 67411 [egg-security] compose 7 middlewares into one security middleware
2019-12-26 10:32:08,893 INFO 67411 [egg:core] dump config after load, 5ms
2019-12-26 10:32:08,923 INFO 67411 [egg-watcher:application] watcher start success
2019-12-26 10:32:08,937 INFO 67411 [egg:core] dump config after ready, 5ms
2019-12-26 10:32:26,705 INFO 67473 [egg:logger] init all loggers with options: {"dir":"/Users/umi/git/myblog/vue-blog-api/logs/blog-api","encoding":"utf8","env":"local","level":"INFO","consoleLevel":"INFO","disableConsoleAfterReady":false,"outputJSON":false,"buffer":true,"appLogName":"blog-api-web.log","coreLogName":"egg-web.log","agentLogName":"egg-agent.log","errorLogName":"common-error.log","coreLogger":{"consoleLevel":"WARN"},"allowDebugAtProd":false,"type":"application"}
2019-12-26 10:32:26,739 INFO 67473 [egg-multipart] stream mode enable
2019-12-26 10:32:26,789 INFO 67473 [egg-static] starting static serve /public/ -> /Users/umi/git/myblog/vue-blog-api/app/public
2019-12-26 10:32:26,792 INFO 67473 [egg-security] use csrf middleware
2019-12-26 10:32:26,793 INFO 67473 [egg-security] use methodnoallow middleware
2019-12-26 10:32:26,793 INFO 67473 [egg-security] use noopen middleware
2019-12-26 10:32:26,794 INFO 67473 [egg-security] use nosniff middleware
2019-12-26 10:32:26,794 INFO 67473 [egg-security] use xssProtection middleware
2019-12-26 10:32:26,794 INFO 67473 [egg-security] use xframe middleware
2019-12-26 10:32:26,795 INFO 67473 [egg-security] use dta middleware
2019-12-26 10:32:26,795 INFO 67473 [egg-security] compose 7 middlewares into one security middleware
2019-12-26 10:32:26,806 INFO 67473 [egg:core] dump config after load, 7ms
2019-12-26 10:32:26,823 INFO 67473 [egg-watcher:application] watcher start success
2019-12-26 10:32:26,830 INFO 67473 [egg:core] dump config after ready, 4ms
2019-12-26 10:32:50,105 INFO 67519 [egg:logger] init all loggers with options: {"dir":"/Users/umi/git/myblog/vue-blog-api/logs/blog-api","encoding":"utf8","env":"local","level":"INFO","consoleLevel":"INFO","disableConsoleAfterReady":false,"outputJSON":false,"buffer":true,"appLogName":"blog-api-web.log","coreLogName":"egg-web.log","agentLogName":"egg-agent.log","errorLogName":"common-error.log","coreLogger":{"consoleLevel":"WARN"},"allowDebugAtProd":false,"type":"application"}
2019-12-26 10:32:50,148 INFO 67519 [egg-multipart] stream mode enable
2019-12-26 10:32:50,149 INFO 67519 [egg-mysql] connecting root@localhost:3306/my_blogDataBase
2019-12-26 10:32:50,247 INFO 67519 [egg-static] starting static serve /public/ -> /Users/umi/git/myblog/vue-blog-api/app/public
2019-12-26 10:32:50,249 INFO 67519 [egg-security] use csrf middleware
2019-12-26 10:32:50,250 INFO 67519 [egg-security] use methodnoallow middleware
2019-12-26 10:32:50,250 INFO 67519 [egg-security] use noopen middleware
2019-12-26 10:32:50,251 INFO 67519 [egg-security] use nosniff middleware
2019-12-26 10:32:50,251 INFO 67519 [egg-security] use xssProtection middleware
2019-12-26 10:32:50,252 INFO 67519 [egg-security] use xframe middleware
2019-12-26 10:32:50,252 INFO 67519 [egg-security] use dta middleware
2019-12-26 10:32:50,252 INFO 67519 [egg-security] compose 7 middlewares into one security middleware
2019-12-26 10:32:50,267 INFO 67519 [egg:core] dump config after load, 6ms
2019-12-26 10:32:50,298 INFO 67519 [egg-watcher:application] watcher start success
2019-12-26 10:32:50,311 INFO 67519 [egg:core] dump config after ready, 4ms
2019-12-26 10:56:00,601 INFO 69702 [egg:logger] init all loggers with options: {"dir":"/Users/umi/git/myblog/vue-blog-api/logs/blog-api","encoding":"utf8","env":"local","level":"INFO","consoleLevel":"INFO","disableConsoleAfterReady":false,"outputJSON":false,"buffer":true,"appLogName":"blog-api-web.log","coreLogName":"egg-web.log","agentLogName":"egg-agent.log","errorLogName":"common-error.log","coreLogger":{"consoleLevel":"WARN"},"allowDebugAtProd":false,"type":"application"}
2019-12-26 10:56:00,658 INFO 69702 [egg-multipart] stream mode enable
2019-12-26 10:56:00,658 INFO 69702 [egg-mysql] connecting root@127.0.0.1:3306/my_blogDataBase
2019-12-26 10:56:01,007 INFO 69702 [egg-static] starting static serve /public/ -> /Users/umi/git/myblog/vue-blog-api/app/public
2019-12-26 10:56:01,012 INFO 69702 [egg-security] use csrf middleware
2019-12-26 10:56:01,015 INFO 69702 [egg-security] use methodnoallow middleware
2019-12-26 10:56:01,016 INFO 69702 [egg-security] use noopen middleware
2019-12-26 10:56:01,018 INFO 69702 [egg-security] use nosniff middleware
2019-12-26 10:56:01,020 INFO 69702 [egg-security] use xssProtection middleware
2019-12-26 10:56:01,022 INFO 69702 [egg-security] use xframe middleware
2019-12-26 10:56:01,024 INFO 69702 [egg-security] use dta middleware
2019-12-26 10:56:01,024 INFO 69702 [egg-security] compose 7 middlewares into one security middleware
2019-12-26 10:56:01,045 INFO 69702 [egg:core] dump config after load, 11ms
2019-12-26 10:56:01,072 INFO 69702 [egg-watcher:application] watcher start success
2019-12-26 10:56:01,086 INFO 69702 [egg:core] dump config after ready, 5ms
2019-12-26 10:57:46,256 INFO 69882 [egg:logger] init all loggers with options: {"dir":"/Users/umi/git/myblog/vue-blog-api/logs/blog-api","encoding":"utf8","env":"local","level":"INFO","consoleLevel":"INFO","disableConsoleAfterReady":false,"outputJSON":false,"buffer":true,"appLogName":"blog-api-web.log","coreLogName":"egg-web.log","agentLogName":"egg-agent.log","errorLogName":"common-error.log","coreLogger":{"consoleLevel":"WARN"},"allowDebugAtProd":false,"type":"application"}
2019-12-26 10:57:46,316 INFO 69882 [egg-multipart] stream mode enable
2019-12-26 10:57:46,317 INFO 69882 [egg-mysql] connecting root@127.0.0.1:3306/my_blogDataBase
2019-12-26 10:57:46,664 INFO 69882 [egg-static] starting static serve /public/ -> /Users/umi/git/myblog/vue-blog-api/app/public
2019-12-26 10:57:46,668 INFO 69882 [egg-security] use csrf middleware
2019-12-26 10:57:46,670 INFO 69882 [egg-security] use methodnoallow middleware
2019-12-26 10:57:46,672 INFO 69882 [egg-security] use noopen middleware
2019-12-26 10:57:46,674 INFO 69882 [egg-security] use nosniff middleware
2019-12-26 10:57:46,676 INFO 69882 [egg-security] use xssProtection middleware
2019-12-26 10:57:46,680 INFO 69882 [egg-security] use xframe middleware
2019-12-26 10:57:46,682 INFO 69882 [egg-security] use dta middleware
2019-12-26 10:57:46,683 INFO 69882 [egg-security] compose 7 middlewares into one security middleware
2019-12-26 10:57:46,703 INFO 69882 [egg:core] dump config after load, 11ms
2019-12-26 10:57:46,729 INFO 69882 [egg-watcher:application] watcher start success
2019-12-26 10:57:46,743 INFO 69882 [egg:core] dump config after ready, 5ms
2019-12-26 10:59:10,832 INFO 70035 [egg:logger] init all loggers with options: {"dir":"/Users/umi/git/myblog/vue-blog-api/logs/blog-api","encoding":"utf8","env":"local","level":"INFO","consoleLevel":"INFO","disableConsoleAfterReady":false,"outputJSON":false,"buffer":true,"appLogName":"blog-api-web.log","coreLogName":"egg-web.log","agentLogName":"egg-agent.log","errorLogName":"common-error.log","coreLogger":{"consoleLevel":"WARN"},"allowDebugAtProd":false,"type":"application"}
2019-12-26 10:59:10,891 INFO 70035 [egg-multipart] stream mode enable
2019-12-26 10:59:10,892 INFO 70035 [egg-mysql] connecting root@127.0.0.1:3306/my_blogDataBase
2019-12-26 10:59:11,233 INFO 70035 [egg-static] starting static serve /public/ -> /Users/umi/git/myblog/vue-blog-api/app/public
2019-12-26 10:59:11,237 INFO 70035 [egg-security] use csrf middleware
2019-12-26 10:59:11,239 INFO 70035 [egg-security] use methodnoallow middleware
2019-12-26 10:59:11,241 INFO 70035 [egg-security] use noopen middleware
2019-12-26 10:59:11,243 INFO 70035 [egg-security] use nosniff middleware
2019-12-26 10:59:11,245 INFO 70035 [egg-security] use xssProtection middleware
2019-12-26 10:59:11,247 INFO 70035 [egg-security] use xframe middleware
2019-12-26 10:59:11,249 INFO 70035 [egg-security] use dta middleware
2019-12-26 10:59:11,249 INFO 70035 [egg-security] compose 7 middlewares into one security middleware
2019-12-26 10:59:11,267 INFO 70035 [egg:core] dump config after load, 10ms
2019-12-26 10:59:11,303 INFO 70035 [egg-watcher:application] watcher start success
2019-12-26 10:59:11,323 INFO 70035 [egg:core] dump config after ready, 9ms
2019-12-26 10:59:12,505 INFO 70046 [egg:logger] init all loggers with options: {"dir":"/Users/umi/git/myblog/vue-blog-api/logs/blog-api","encoding":"utf8","env":"local","level":"INFO","consoleLevel":"INFO","disableConsoleAfterReady":false,"outputJSON":false,"buffer":true,"appLogName":"blog-api-web.log","coreLogName":"egg-web.log","agentLogName":"egg-agent.log","errorLogName":"common-error.log","coreLogger":{"consoleLevel":"WARN"},"allowDebugAtProd":false,"type":"application"}
2019-12-26 10:59:12,570 INFO 70046 [egg-multipart] stream mode enable
2019-12-26 10:59:12,571 INFO 70046 [egg-mysql] connecting root@127.0.0.1:3306/my_blogDataBase
2019-12-26 10:59:12,726 INFO 70046 [egg-static] starting static serve /public/ -> /Users/umi/git/myblog/vue-blog-api/app/public
2019-12-26 10:59:12,730 INFO 70046 [egg-security] use csrf middleware
2019-12-26 10:59:12,730 INFO 70046 [egg-security] use methodnoallow middleware
2019-12-26 10:59:12,731 INFO 70046 [egg-security] use noopen middleware
2019-12-26 10:59:12,731 INFO 70046 [egg-security] use nosniff middleware
2019-12-26 10:59:12,732 INFO 70046 [egg-security] use xssProtection middleware
2019-12-26 10:59:12,732 INFO 70046 [egg-security] use xframe middleware
2019-12-26 10:59:12,733 INFO 70046 [egg-security] use dta middleware
2019-12-26 10:59:12,733 INFO 70046 [egg-security] compose 7 middlewares into one security middleware
2019-12-26 10:59:12,747 INFO 70046 [egg:core] dump config after load, 8ms
2019-12-26 10:59:12,780 INFO 70046 [egg-watcher:application] watcher start success
2019-12-26 10:59:12,795 INFO 70046 [egg:core] dump config after ready, 6ms
2019-12-26 11:01:05,839 INFO 70232 [egg:logger] init all loggers with options: {"dir":"/Users/umi/git/myblog/vue-blog-api/logs/blog-api","encoding":"utf8","env":"local","level":"INFO","consoleLevel":"INFO","disableConsoleAfterReady":false,"outputJSON":false,"buffer":true,"appLogName":"blog-api-web.log","coreLogName":"egg-web.log","agentLogName":"egg-agent.log","errorLogName":"common-error.log","coreLogger":{"consoleLevel":"WARN"},"allowDebugAtProd":false,"type":"application"}
2019-12-26 11:01:05,892 INFO 70232 [egg-multipart] stream mode enable
2019-12-26 11:01:05,892 INFO 70232 [egg-mysql] connecting kkkkk@127.0.0.1:3306/my_blogDataBase
2019-12-26 11:01:06,204 INFO 70232 [egg-static] starting static serve /public/ -> /Users/umi/git/myblog/vue-blog-api/app/public
2019-12-26 11:01:06,208 INFO 70232 [egg-security] use csrf middleware
2019-12-26 11:01:06,210 INFO 70232 [egg-security] use methodnoallow middleware
2019-12-26 11:01:06,212 INFO 70232 [egg-security] use noopen middleware
2019-12-26 11:01:06,214 INFO 70232 [egg-security] use nosniff middleware
2019-12-26 11:01:06,216 INFO 70232 [egg-security] use xssProtection middleware
2019-12-26 11:01:06,218 INFO 70232 [egg-security] use xframe middleware
2019-12-26 11:01:06,220 INFO 70232 [egg-security] use dta middleware
2019-12-26 11:01:06,220 INFO 70232 [egg-security] compose 7 middlewares into one security middleware
2019-12-26 11:01:06,239 INFO 70232 [egg:core] dump config after load, 6ms
2019-12-26 11:01:06,268 INFO 70232 [egg-watcher:application] watcher start success
2019-12-26 11:01:06,285 INFO 70232 [egg:core] dump config after ready, 6ms
2019-12-26 11:01:12,372 INFO 70261 [egg:logger] init all loggers with options: {"dir":"/Users/umi/git/myblog/vue-blog-api/logs/blog-api","encoding":"utf8","env":"local","level":"INFO","consoleLevel":"INFO","disableConsoleAfterReady":false,"outputJSON":false,"buffer":true,"appLogName":"blog-api-web.log","coreLogName":"egg-web.log","agentLogName":"egg-agent.log","errorLogName":"common-error.log","coreLogger":{"consoleLevel":"WARN"},"allowDebugAtProd":false,"type":"application"}
2019-12-26 11:01:12,444 INFO 70261 [egg-multipart] stream mode enable
2019-12-26 11:01:12,445 INFO 70261 [egg-mysql] connecting kkkkk@127.0.0.1:3306/my_blogDataBase
2019-12-26 11:01:12,854 INFO 70261 [egg-static] starting static serve /public/ -> /Users/umi/git/myblog/vue-blog-api/app/public
2019-12-26 11:01:12,860 INFO 70261 [egg-security] use csrf middleware
2019-12-26 11:01:12,862 INFO 70261 [egg-security] use methodnoallow middleware
2019-12-26 11:01:12,864 INFO 70261 [egg-security] use noopen middleware
2019-12-26 11:01:12,866 INFO 70261 [egg-security] use nosniff middleware
2019-12-26 11:01:12,868 INFO 70261 [egg-security] use xssProtection middleware
2019-12-26 11:01:12,869 INFO 70261 [egg-security] use xframe middleware
2019-12-26 11:01:12,871 INFO 70261 [egg-security] use dta middleware
2019-12-26 11:01:12,871 INFO 70261 [egg-security] compose 7 middlewares into one security middleware
2019-12-26 11:01:12,884 INFO 70261 [egg:core] dump config after load, 6ms
2019-12-26 11:01:12,923 INFO 70261 [egg-watcher:application] watcher start success
2019-12-26 11:01:12,936 INFO 70261 [egg:core] dump config after ready, 4ms
2019-12-26 11:03:24,987 INFO 70613 [egg:logger] init all loggers with options: {"dir":"/Users/umi/git/myblog/vue-blog-api/logs/blog-api","encoding":"utf8","env":"local","level":"INFO","consoleLevel":"INFO","disableConsoleAfterReady":false,"outputJSON":false,"buffer":true,"appLogName":"blog-api-web.log","coreLogName":"egg-web.log","agentLogName":"egg-agent.log","errorLogName":"common-error.log","coreLogger":{"consoleLevel":"WARN"},"allowDebugAtProd":false,"type":"application"}
2019-12-26 11:03:25,030 INFO 70613 [egg-multipart] stream mode enable
2019-12-26 11:03:25,031 INFO 70613 [egg-mysql] connecting kkkkk@127.0.0.1:3306/my_blogDataBase
2019-12-26 11:03:25,325 INFO 70613 [egg-static] starting static serve /public/ -> /Users/umi/git/myblog/vue-blog-api/app/public
2019-12-26 11:03:25,335 INFO 70613 [egg-security] use csrf middleware
2019-12-26 11:03:25,338 INFO 70613 [egg-security] use methodnoallow middleware
2019-12-26 11:03:25,339 INFO 70613 [egg-security] use noopen middleware
2019-12-26 11:03:25,341 INFO 70613 [egg-security] use nosniff middleware
2019-12-26 11:03:25,343 INFO 70613 [egg-security] use xssProtection middleware
2019-12-26 11:03:25,344 INFO 70613 [egg-security] use xframe middleware
2019-12-26 11:03:25,346 INFO 70613 [egg-security] use dta middleware
2019-12-26 11:03:25,346 INFO 70613 [egg-security] compose 7 middlewares into one security middleware
2019-12-26 11:03:25,365 INFO 70613 [egg:core] dump config after load, 9ms
2019-12-26 11:03:25,405 INFO 70613 [egg-watcher:application] watcher start success
2019-12-26 11:03:25,427 INFO 70613 [egg:core] dump config after ready, 7ms
2019-12-26 11:06:12,485 INFO 70916 [egg:logger] init all loggers with options: {"dir":"/Users/umi/git/myblog/vue-blog-api/logs/blog-api","encoding":"utf8","env":"local","level":"INFO","consoleLevel":"INFO","disableConsoleAfterReady":false,"outputJSON":false,"buffer":true,"appLogName":"blog-api-web.log","coreLogName":"egg-web.log","agentLogName":"egg-agent.log","errorLogName":"common-error.log","coreLogger":{"consoleLevel":"WARN"},"allowDebugAtProd":false,"type":"application"}
2019-12-26 11:06:12,523 INFO 70916 [egg-multipart] stream mode enable
2019-12-26 11:06:12,524 INFO 70916 [egg-mysql] connecting kkkkk@127.0.0.1:3306/my_blogDataBase
2019-12-26 11:06:12,765 INFO 70916 [egg-static] starting static serve /public/ -> /Users/umi/git/myblog/vue-blog-api/app/public
2019-12-26 11:06:12,769 INFO 70916 [egg-security] use csrf middleware
2019-12-26 11:06:12,771 INFO 70916 [egg-security] use methodnoallow middleware
2019-12-26 11:06:12,773 INFO 70916 [egg-security] use noopen middleware
2019-12-26 11:06:12,775 INFO 70916 [egg-security] use nosniff middleware
2019-12-26 11:06:12,777 INFO 70916 [egg-security] use xssProtection middleware
2019-12-26 11:06:12,778 INFO 70916 [egg-security] use xframe middleware
2019-12-26 11:06:12,780 INFO 70916 [egg-security] use dta middleware
2019-12-26 11:06:12,780 INFO 70916 [egg-security] compose 7 middlewares into one security middleware
2019-12-26 11:06:12,794 INFO 70916 [egg:core] dump config after load, 6ms
2019-12-26 11:06:12,825 INFO 70916 [egg-watcher:application] watcher start success
2019-12-26 11:06:12,841 INFO 70916 [egg:core] dump config after ready, 5ms
2019-12-26 11:09:45,027 INFO 71341 [egg:logger] init all loggers with options: {"dir":"/Users/umi/git/myblog/vue-blog-api/logs/blog-api","encoding":"utf8","env":"local","level":"INFO","consoleLevel":"INFO","disableConsoleAfterReady":false,"outputJSON":false,"buffer":true,"appLogName":"blog-api-web.log","coreLogName":"egg-web.log","agentLogName":"egg-agent.log","errorLogName":"common-error.log","coreLogger":{"consoleLevel":"WARN"},"allowDebugAtProd":false,"type":"application"}
2019-12-26 11:09:45,066 INFO 71341 [egg-multipart] stream mode enable
2019-12-26 11:09:45,066 INFO 71341 [egg-mysql] connecting kkkkk@127.0.0.1:3306/my_blogDataBase
2019-12-26 11:09:45,300 INFO 71341 [egg-static] starting static serve /public/ -> /Users/umi/git/myblog/vue-blog-api/app/public
2019-12-26 11:09:45,310 INFO 71341 [egg-security] use csrf middleware
2019-12-26 11:09:45,312 INFO 71341 [egg-security] use methodnoallow middleware
2019-12-26 11:09:45,314 INFO 71341 [egg-security] use noopen middleware
2019-12-26 11:09:45,316 INFO 71341 [egg-security] use nosniff middleware
2019-12-26 11:09:45,318 INFO 71341 [egg-security] use xssProtection middleware
2019-12-26 11:09:45,320 INFO 71341 [egg-security] use xframe middleware
2019-12-26 11:09:45,321 INFO 71341 [egg-security] use dta middleware
2019-12-26 11:09:45,321 INFO 71341 [egg-security] compose 7 middlewares into one security middleware
2019-12-26 11:09:45,336 INFO 71341 [egg:core] dump config after load, 6ms
2019-12-26 11:09:45,368 INFO 71341 [egg-watcher:application] watcher start success
2019-12-26 11:09:45,383 INFO 71341 [egg:core] dump config after ready, 4ms
2019-12-26 11:13:48,533 INFO 71787 [egg:logger] init all loggers with options: {"dir":"/Users/umi/git/myblog/vue-blog-api/logs/blog-api","encoding":"utf8","env":"local","level":"INFO","consoleLevel":"INFO","disableConsoleAfterReady":false,"outputJSON":false,"buffer":true,"appLogName":"blog-api-web.log","coreLogName":"egg-web.log","agentLogName":"egg-agent.log","errorLogName":"common-error.log","coreLogger":{"consoleLevel":"WARN"},"allowDebugAtProd":false,"type":"application"}
2019-12-26 11:13:48,598 INFO 71787 [egg-multipart] stream mode enable
2019-12-26 11:13:48,598 INFO 71787 [egg-mysql] connecting test@127.0.0.1:3306/my_blogDataBase
2019-12-26 11:13:48,914 INFO 71787 [egg-static] starting static serve /public/ -> /Users/umi/git/myblog/vue-blog-api/app/public
2019-12-26 11:13:48,924 INFO 71787 [egg-security] use csrf middleware
2019-12-26 11:13:48,926 INFO 71787 [egg-security] use methodnoallow middleware
2019-12-26 11:13:48,928 INFO 71787 [egg-security] use noopen middleware
2019-12-26 11:13:48,930 INFO 71787 [egg-security] use nosniff middleware
2019-12-26 11:13:48,931 INFO 71787 [egg-security] use xssProtection middleware
2019-12-26 11:13:48,933 INFO 71787 [egg-security] use xframe middleware
2019-12-26 11:13:48,935 INFO 71787 [egg-security] use dta middleware
2019-12-26 11:13:48,935 INFO 71787 [egg-security] compose 7 middlewares into one security middleware
2019-12-26 11:13:48,949 INFO 71787 [egg:core] dump config after load, 6ms
2019-12-26 11:13:48,984 INFO 71787 [egg-watcher:application] watcher start success
2019-12-26 11:13:48,997 INFO 71787 [egg:core] dump config after ready, 4ms
2019-12-26 11:20:21,073 INFO 72455 [egg:logger] init all loggers with options: {"dir":"/Users/umi/git/myblog/vue-blog-api/logs/blog-api","encoding":"utf8","env":"local","level":"INFO","consoleLevel":"INFO","disableConsoleAfterReady":false,"outputJSON":false,"buffer":true,"appLogName":"blog-api-web.log","coreLogName":"egg-web.log","agentLogName":"egg-agent.log","errorLogName":"common-error.log","coreLogger":{"consoleLevel":"WARN"},"allowDebugAtProd":false,"type":"application"}
2019-12-26 11:20:21,123 INFO 72455 [egg-multipart] stream mode enable
2019-12-26 11:20:21,124 INFO 72455 [egg-mysql] connecting root@127.0.0.1:3306/my_blogDataBase
2019-12-26 11:20:21,444 INFO 72455 [egg-static] starting static serve /public/ -> /Users/umi/git/myblog/vue-blog-api/app/public
2019-12-26 11:20:21,449 INFO 72455 [egg-security] use csrf middleware
2019-12-26 11:20:21,452 INFO 72455 [egg-security] use methodnoallow middleware
2019-12-26 11:20:21,453 INFO 72455 [egg-security] use noopen middleware
2019-12-26 11:20:21,456 INFO 72455 [egg-security] use nosniff middleware
2019-12-26 11:20:21,458 INFO 72455 [egg-security] use xssProtection middleware
2019-12-26 11:20:21,460 INFO 72455 [egg-security] use xframe middleware
2019-12-26 11:20:21,462 INFO 72455 [egg-security] use dta middleware
2019-12-26 11:20:21,462 INFO 72455 [egg-security] compose 7 middlewares into one security middleware
2019-12-26 11:20:21,477 INFO 72455 [egg:core] dump config after load, 7ms
2019-12-26 11:20:21,504 INFO 72455 [egg-watcher:application] watcher start success
2019-12-26 11:20:21,511 INFO 72455 [egg-mysql] instance[0] status OK, rds currentTime: Thu Dec 26 2019 03:20:28 GMT+0800 (GMT+08:00)
2019-12-26 11:20:21,520 INFO 72455 [egg:core] dump config after ready, 6ms
2019-12-26 11:23:01,896 INFO 72719 [egg:logger] init all loggers with options: {"dir":"/Users/umi/git/myblog/vue-blog-api/logs/blog-api","encoding":"utf8","env":"local","level":"INFO","consoleLevel":"INFO","disableConsoleAfterReady":false,"outputJSON":false,"buffer":true,"appLogName":"blog-api-web.log","coreLogName":"egg-web.log","agentLogName":"egg-agent.log","errorLogName":"common-error.log","coreLogger":{"consoleLevel":"WARN"},"allowDebugAtProd":false,"type":"application"}
2019-12-26 11:23:01,950 INFO 72719 [egg-multipart] stream mode enable
2019-12-26 11:23:01,951 INFO 72719 [egg-mysql] connecting root@127.0.0.1:3306/my_blogDataBase
2019-12-26 11:23:02,367 INFO 72719 [egg-static] starting static serve /public/ -> /Users/umi/git/myblog/vue-blog-api/app/public
2019-12-26 11:23:02,371 INFO 72719 [egg-security] use csrf middleware
2019-12-26 11:23:02,374 INFO 72719 [egg-security] use methodnoallow middleware
2019-12-26 11:23:02,377 INFO 72719 [egg-security] use noopen middleware
2019-12-26 11:23:02,379 INFO 72719 [egg-security] use nosniff middleware
2019-12-26 11:23:02,381 INFO 72719 [egg-security] use xssProtection middleware
2019-12-26 11:23:02,382 INFO 72719 [egg-security] use xframe middleware
2019-12-26 11:23:02,384 INFO 72719 [egg-security] use dta middleware
2019-12-26 11:23:02,384 INFO 72719 [egg-security] compose 7 middlewares into one security middleware
2019-12-26 11:23:02,414 INFO 72719 [egg:core] dump config after load, 14ms
2019-12-26 11:23:02,454 INFO 72719 [egg-watcher:application] watcher start success
2019-12-26 11:23:02,462 INFO 72719 [egg-mysql] instance[0] status OK, rds currentTime: Thu Dec 26 2019 03:23:09 GMT+0800 (GMT+08:00)
2019-12-26 11:23:02,468 INFO 72719 [egg:core] dump config after ready, 4ms
2019-12-26 11:24:58,592 INFO 72963 [egg:logger] init all loggers with options: {"dir":"/Users/umi/git/myblog/vue-blog-api/logs/blog-api","encoding":"utf8","env":"local","level":"INFO","consoleLevel":"INFO","disableConsoleAfterReady":false,"outputJSON":false,"buffer":true,"appLogName":"blog-api-web.log","coreLogName":"egg-web.log","agentLogName":"egg-agent.log","errorLogName":"common-error.log","coreLogger":{"consoleLevel":"WARN"},"allowDebugAtProd":false,"type":"application"}
2019-12-26 11:24:58,679 INFO 72963 [egg-multipart] stream mode enable
2019-12-26 11:24:58,680 INFO 72963 [egg-mysql] connecting root@127.0.0.1:3306/my_blogDataBase
2019-12-26 11:24:59,246 INFO 72963 [egg-static] starting static serve /public/ -> /Users/umi/git/myblog/vue-blog-api/app/public
2019-12-26 11:24:59,253 INFO 72963 [egg-security] use csrf middleware
2019-12-26 11:24:59,255 INFO 72963 [egg-security] use methodnoallow middleware
2019-12-26 11:24:59,257 INFO 72963 [egg-security] use noopen middleware
2019-12-26 11:24:59,259 INFO 72963 [egg-security] use nosniff middleware
2019-12-26 11:24:59,261 INFO 72963 [egg-security] use xssProtection middleware
2019-12-26 11:24:59,263 INFO 72963 [egg-security] use xframe middleware
2019-12-26 11:24:59,264 INFO 72963 [egg-security] use dta middleware
2019-12-26 11:24:59,264 INFO 72963 [egg-security] compose 7 middlewares into one security middleware
2019-12-26 11:24:59,295 INFO 72963 [egg:core] dump config after load, 20ms
2019-12-26 11:24:59,345 INFO 72963 [egg-watcher:application] watcher start success
2019-12-26 11:24:59,366 INFO 72963 [egg-mysql] instance[0] status OK, rds currentTime: Thu Dec 26 2019 03:25:06 GMT+0800 (GMT+08:00)
2019-12-26 11:24:59,377 INFO 72963 [egg:core] dump config after ready, 7ms
2019-12-26 11:25:25,920 INFO 73051 [egg:logger] init all loggers with options: {"dir":"/Users/umi/git/myblog/vue-blog-api/logs/blog-api","encoding":"utf8","env":"local","level":"INFO","consoleLevel":"INFO","disableConsoleAfterReady":false,"outputJSON":false,"buffer":true,"appLogName":"blog-api-web.log","coreLogName":"egg-web.log","agentLogName":"egg-agent.log","errorLogName":"common-error.log","coreLogger":{"consoleLevel":"WARN"},"allowDebugAtProd":false,"type":"application"}
2019-12-26 11:25:26,061 INFO 73051 [egg-multipart] stream mode enable
2019-12-26 11:25:26,063 INFO 73051 [egg-mysql] connecting root@127.0.0.1:3306/my_blogDataBase
2019-12-26 11:25:26,502 INFO 73051 [egg-static] starting static serve /public/ -> /Users/umi/git/myblog/vue-blog-api/app/public
2019-12-26 11:25:26,508 INFO 73051 [egg-security] use csrf middleware
2019-12-26 11:25:26,511 INFO 73051 [egg-security] use methodnoallow middleware
2019-12-26 11:25:26,512 INFO 73051 [egg-security] use noopen middleware
2019-12-26 11:25:26,516 INFO 73051 [egg-security] use nosniff middleware
2019-12-26 11:25:26,518 INFO 73051 [egg-security] use xssProtection middleware
2019-12-26 11:25:26,519 INFO 73051 [egg-security] use xframe middleware
2019-12-26 11:25:26,521 INFO 73051 [egg-security] use dta middleware
2019-12-26 11:25:26,521 INFO 73051 [egg-security] compose 7 middlewares into one security middleware
2019-12-26 11:25:26,545 INFO 73051 [egg:core] dump config after load, 15ms
2019-12-26 11:25:26,613 INFO 73051 [egg-watcher:application] watcher start success
2019-12-26 11:25:26,616 INFO 73051 [egg-mysql] instance[0] status OK, rds currentTime: Thu Dec 26 2019 03:25:33 GMT+0800 (GMT+08:00)
2019-12-26 11:25:26,628 INFO 73051 [egg:core] dump config after ready, 7ms
2019-12-26 11:27:46,159 INFO 73286 [egg:logger] init all loggers with options: {"dir":"/Users/umi/git/myblog/vue-blog-api/logs/blog-api","encoding":"utf8","env":"local","level":"INFO","consoleLevel":"INFO","disableConsoleAfterReady":false,"outputJSON":false,"buffer":true,"appLogName":"blog-api-web.log","coreLogName":"egg-web.log","agentLogName":"egg-agent.log","errorLogName":"common-error.log","coreLogger":{"consoleLevel":"WARN"},"allowDebugAtProd":false,"type":"application"}
2019-12-26 11:27:46,210 INFO 73286 [egg-multipart] stream mode enable
2019-12-26 11:27:46,211 INFO 73286 [egg-mysql] connecting root@127.0.0.1:3306/my_blogDataBase
2019-12-26 11:27:46,572 INFO 73286 [egg-static] starting static serve /public/ -> /Users/umi/git/myblog/vue-blog-api/app/public
2019-12-26 11:27:46,578 INFO 73286 [egg-security] use csrf middleware
2019-12-26 11:27:46,580 INFO 73286 [egg-security] use methodnoallow middleware
2019-12-26 11:27:46,582 INFO 73286 [egg-security] use noopen middleware
2019-12-26 11:27:46,584 INFO 73286 [egg-security] use nosniff middleware
2019-12-26 11:27:46,585 INFO 73286 [egg-security] use xssProtection middleware
2019-12-26 11:27:46,587 INFO 73286 [egg-security] use xframe middleware
2019-12-26 11:27:46,589 INFO 73286 [egg-security] use dta middleware
2019-12-26 11:27:46,589 INFO 73286 [egg-security] compose 7 middlewares into one security middleware
2019-12-26 11:27:46,606 INFO 73286 [egg:core] dump config after load, 6ms
2019-12-26 11:27:46,638 INFO 73286 [egg-watcher:application] watcher start success
2019-12-26 11:27:46,646 INFO 73286 [egg-mysql] instance[0] status OK, rds currentTime: Thu Dec 26 2019 03:27:53 GMT+0800 (GMT+08:00)
2019-12-26 11:27:46,660 INFO 73286 [egg:core] dump config after ready, 5ms
